INFO    2022-03-28 23:04:21,501 [main] devpinoyLogger  - Browser is selected : chrome
INFO    2022-03-28 23:04:23,463 [main] devpinoyLogger  - Chrome browser is opened
INFO    2022-03-28 23:04:27,114 [main] devpinoyLogger  - Window is maximized now
INFO    2022-03-28 23:04:27,127 [main] devpinoyLogger  - Implicit Wait has been set
INFO    2022-03-28 23:04:27,127 [main] devpinoyLogger  - URL is opened
INFO    2022-03-28 23:04:32,658 [main] devpinoyLogger  - ************************* UserSearchValidation   *************************************** 
INFO    2022-03-28 23:04:34,522 [main] devpinoyLogger  - Admin option is clicked
INFO    2022-03-28 23:04:34,566 [main] devpinoyLogger  - UserName search box is cleared
INFO    2022-03-28 23:04:34,646 [main] devpinoyLogger  - UserName is entered: Admin
INFO    2022-03-28 23:04:35,236 [main] devpinoyLogger  - Search button is clicked
INFO    2022-03-28 23:04:37,316 [main] devpinoyLogger  - chrome is closed
INFO    2022-03-28 23:04:37,322 [main] devpinoyLogger  - Browser is selected : chrome
INFO    2022-03-28 23:04:38,554 [main] devpinoyLogger  - Chrome browser is opened
INFO    2022-03-28 23:04:42,681 [main] devpinoyLogger  - Window is maximized now
INFO    2022-03-28 23:04:42,696 [main] devpinoyLogger  - Implicit Wait has been set
INFO    2022-03-28 23:04:42,696 [main] devpinoyLogger  - URL is opened
INFO    2022-03-28 23:04:46,957 [main] devpinoyLogger  - *************************************AddJobTitleValidation***********************************************
INFO    2022-03-28 23:04:48,942 [main] devpinoyLogger  - Admin option is clicked
INFO    2022-03-28 23:04:49,032 [main] devpinoyLogger  - Job option is clicked
INFO    2022-03-28 23:04:49,865 [main] devpinoyLogger  - Job Title is clicked
INFO    2022-03-28 23:04:50,771 [main] devpinoyLogger  - Add button is clicked
INFO    2022-03-28 23:04:50,854 [main] devpinoyLogger  - New job title is enterd : QA_Lead_0.005285477712817954
INFO    2022-03-28 23:04:50,947 [main] devpinoyLogger  - JobDescription is entered
INFO    2022-03-28 23:04:51,029 [main] devpinoyLogger  - Note is entered
INFO    2022-03-28 23:04:52,673 [main] devpinoyLogger  - Save button is clicked
INFO    2022-03-28 23:04:55,119 [main] devpinoyLogger  - chrome is closed
INFO    2022-03-28 23:04:55,122 [main] devpinoyLogger  - Browser is selected : chrome
INFO    2022-03-28 23:04:56,263 [main] devpinoyLogger  - Chrome browser is opened
INFO    2022-03-28 23:05:00,601 [main] devpinoyLogger  - Window is maximized now
INFO    2022-03-28 23:05:00,615 [main] devpinoyLogger  - Implicit Wait has been set
INFO    2022-03-28 23:05:00,616 [main] devpinoyLogger  - URL is opened
INFO    2022-03-28 23:05:06,034 [main] devpinoyLogger  - **********************************   LoginLogOutValidation  **************************
INFO    2022-03-28 23:05:06,034 [main] devpinoyLogger  - Expected URL captured before login
INFO    2022-03-28 23:05:06,038 [main] devpinoyLogger  - Actual URL captured after login
INFO    2022-03-28 23:05:06,099 [main] devpinoyLogger  - Clicked on WelCome area
INFO    2022-03-28 23:05:07,157 [main] devpinoyLogger  - Clicked on Logout button
INFO    2022-03-28 23:05:07,157 [main] devpinoyLogger  - Expected URL captured after logout
INFO    2022-03-28 23:05:07,163 [main] devpinoyLogger  - Actual URL captured after logout
INFO    2022-03-28 23:05:07,792 [main] devpinoyLogger  - chrome is closed
INFO    2022-03-29 00:15:50,293 [main] devpinoyLogger  - Browser is selected : chrome
INFO    2022-03-29 00:15:52,475 [main] devpinoyLogger  - Chrome browser is opened
INFO    2022-03-29 00:15:57,295 [main] devpinoyLogger  - Window is maximized now
INFO    2022-03-29 00:15:57,308 [main] devpinoyLogger  - Implicit Wait has been set
INFO    2022-03-29 00:15:57,308 [main] devpinoyLogger  - URL is opened
INFO    2022-03-29 00:16:10,010 [main] devpinoyLogger  - chrome is closed
INFO    2022-03-29 00:18:12,347 [main] devpinoyLogger  - Browser is selected : chrome
INFO    2022-03-29 00:18:14,436 [main] devpinoyLogger  - Chrome browser is opened
INFO    2022-03-29 00:18:19,040 [main] devpinoyLogger  - Window is maximized now
INFO    2022-03-29 00:18:19,055 [main] devpinoyLogger  - Implicit Wait has been set
INFO    2022-03-29 00:18:19,055 [main] devpinoyLogger  - URL is opened
INFO    2022-03-29 00:18:32,672 [main] devpinoyLogger  - chrome is closed
INFO    2022-03-29 01:01:27,758 [main] devpinoyLogger  - Browser is selected : chrome
INFO    2022-03-29 01:01:29,960 [main] devpinoyLogger  - Chrome browser is opened
INFO    2022-03-29 01:01:40,234 [main] devpinoyLogger  - Window is maximized now
INFO    2022-03-29 01:01:40,246 [main] devpinoyLogger  - Implicit Wait has been set
INFO    2022-03-29 01:01:40,247 [main] devpinoyLogger  - URL is opened
INFO    2022-03-29 01:01:55,755 [main] devpinoyLogger  - chrome is closed
INFO    2022-03-29 01:02:40,407 [main] devpinoyLogger  - Browser is selected : chrome
INFO    2022-03-29 01:02:42,496 [main] devpinoyLogger  - Chrome browser is opened
INFO    2022-03-29 01:02:54,875 [main] devpinoyLogger  - Window is maximized now
INFO    2022-03-29 01:02:54,889 [main] devpinoyLogger  - Implicit Wait has been set
INFO    2022-03-29 01:02:54,889 [main] devpinoyLogger  - URL is opened
INFO    2022-03-29 01:03:14,303 [main] devpinoyLogger  - chrome is closed
INFO    2022-03-29 01:03:50,987 [main] devpinoyLogger  - Browser is selected : chrome
INFO    2022-03-29 01:03:53,042 [main] devpinoyLogger  - Chrome browser is opened
INFO    2022-03-29 01:04:05,110 [main] devpinoyLogger  - Window is maximized now
INFO    2022-03-29 01:04:05,123 [main] devpinoyLogger  - Implicit Wait has been set
INFO    2022-03-29 01:04:05,123 [main] devpinoyLogger  - URL is opened
INFO    2022-03-29 01:04:31,441 [main] devpinoyLogger  - chrome is closed
INFO    2022-03-29 01:04:51,823 [main] devpinoyLogger  - Browser is selected : chrome
INFO    2022-03-29 01:04:53,991 [main] devpinoyLogger  - Chrome browser is opened
INFO    2022-03-29 07:55:27,272 [main] devpinoyLogger  - Browser is selected : chrome
INFO    2022-03-29 07:55:29,027 [main] devpinoyLogger  - Chrome browser is opened
INFO    2022-03-29 07:55:33,901 [main] devpinoyLogger  - Window is maximized now
INFO    2022-03-29 07:55:33,915 [main] devpinoyLogger  - Implicit Wait has been set
INFO    2022-03-29 07:55:33,915 [main] devpinoyLogger  - URL is opened
INFO    2022-03-29 07:55:46,400 [main] devpinoyLogger  - chrome is closed
INFO    2022-03-29 08:07:38,260 [main] devpinoyLogger  - Browser is selected : chrome
INFO    2022-03-29 08:07:40,137 [main] devpinoyLogger  - Chrome browser is opened
INFO    2022-03-29 08:07:43,655 [main] devpinoyLogger  - Window is maximized now
INFO    2022-03-29 08:07:43,670 [main] devpinoyLogger  - Implicit Wait has been set
INFO    2022-03-29 08:07:43,670 [main] devpinoyLogger  - URL is opened
INFO    2022-03-29 08:07:47,759 [main] devpinoyLogger  - ************************* UserSearchValidation   *************************************** 
INFO    2022-03-29 08:07:50,450 [main] devpinoyLogger  - Admin option is clicked
INFO    2022-03-29 08:07:50,535 [main] devpinoyLogger  - UserName search box is cleared
INFO    2022-03-29 08:07:50,636 [main] devpinoyLogger  - UserName is entered: Admin
INFO    2022-03-29 08:07:51,254 [main] devpinoyLogger  - Search button is clicked
INFO    2022-03-29 08:07:53,419 [main] devpinoyLogger  - chrome is closed
INFO    2022-03-29 08:07:53,425 [main] devpinoyLogger  - Browser is selected : chrome
INFO    2022-03-29 08:07:54,586 [main] devpinoyLogger  - Chrome browser is opened
INFO    2022-03-29 08:07:58,363 [main] devpinoyLogger  - Window is maximized now
INFO    2022-03-29 08:07:58,376 [main] devpinoyLogger  - Implicit Wait has been set
INFO    2022-03-29 08:07:58,376 [main] devpinoyLogger  - URL is opened
INFO    2022-03-29 08:08:02,253 [main] devpinoyLogger  - *************************************AddJobTitleValidation***********************************************
INFO    2022-03-29 08:08:03,879 [main] devpinoyLogger  - Admin option is clicked
INFO    2022-03-29 08:08:03,946 [main] devpinoyLogger  - Job option is clicked
INFO    2022-03-29 08:08:04,719 [main] devpinoyLogger  - Job Title is clicked
INFO    2022-03-29 08:08:05,551 [main] devpinoyLogger  - Add button is clicked
INFO    2022-03-29 08:08:05,663 [main] devpinoyLogger  - New job title is enterd : QA_Lead_790100
INFO    2022-03-29 08:08:05,749 [main] devpinoyLogger  - JobDescription is entered
INFO    2022-03-29 08:08:05,874 [main] devpinoyLogger  - Note is entered
INFO    2022-03-29 08:08:06,845 [main] devpinoyLogger  - Save button is clicked
INFO    2022-03-29 08:08:09,232 [main] devpinoyLogger  - chrome is closed
INFO    2022-03-29 08:08:09,234 [main] devpinoyLogger  - Browser is selected : chrome
INFO    2022-03-29 08:08:10,370 [main] devpinoyLogger  - Chrome browser is opened
INFO    2022-03-29 08:08:13,850 [main] devpinoyLogger  - Window is maximized now
INFO    2022-03-29 08:08:13,864 [main] devpinoyLogger  - Implicit Wait has been set
INFO    2022-03-29 08:08:13,864 [main] devpinoyLogger  - URL is opened
INFO    2022-03-29 08:08:17,645 [main] devpinoyLogger  - **********************************   LoginLogOutValidation  **************************
INFO    2022-03-29 08:08:17,645 [main] devpinoyLogger  - Expected URL captured before login
INFO    2022-03-29 08:08:17,652 [main] devpinoyLogger  - Actual URL captured after login
INFO    2022-03-29 08:08:18,694 [main] devpinoyLogger  - Clicked on WelCome area
INFO    2022-03-29 08:08:19,412 [main] devpinoyLogger  - Clicked on Logout button
INFO    2022-03-29 08:08:19,412 [main] devpinoyLogger  - Expected URL captured after logout
INFO    2022-03-29 08:08:19,420 [main] devpinoyLogger  - Actual URL captured after logout
INFO    2022-03-29 08:08:20,071 [main] devpinoyLogger  - chrome is closed
INFO    2022-03-29 08:08:20,075 [main] devpinoyLogger  - Browser is selected : chrome
INFO    2022-03-29 08:08:21,206 [main] devpinoyLogger  - Chrome browser is opened
INFO    2022-03-29 08:08:24,770 [main] devpinoyLogger  - Window is maximized now
INFO    2022-03-29 08:08:24,784 [main] devpinoyLogger  - Implicit Wait has been set
INFO    2022-03-29 08:08:24,784 [main] devpinoyLogger  - URL is opened
INFO    2022-03-29 08:08:28,489 [main] devpinoyLogger  - ********************  PayGradeValidation    ****************************
INFO    2022-03-29 08:08:31,077 [main] devpinoyLogger  - Clicked on Admin
INFO    2022-03-29 08:08:31,136 [main] devpinoyLogger  - Clicked on Job
INFO    2022-03-29 08:08:31,931 [main] devpinoyLogger  - Clicked on Pay Grade option
INFO    2022-03-29 08:08:32,691 [main] devpinoyLogger  - Clicked on Add button
INFO    2022-03-29 08:08:32,759 [main] devpinoyLogger  - Entered new Pay Grade value
INFO    2022-03-29 08:08:33,670 [main] devpinoyLogger  - Clicked on Save button
INFO    2022-03-29 08:08:33,730 [main] devpinoyLogger  - Again clicked on Job
INFO    2022-03-29 08:08:34,297 [main] devpinoyLogger  - Again clicked on Pay Grade option
INFO    2022-03-29 08:08:36,269 [main] devpinoyLogger  - chrome is closed
INFO    2022-03-29 08:08:57,872 [main] devpinoyLogger  - Browser is selected : chrome
INFO    2022-03-29 08:08:59,579 [main] devpinoyLogger  - Chrome browser is opened
INFO    2022-03-29 08:09:03,375 [main] devpinoyLogger  - Window is maximized now
INFO    2022-03-29 08:09:03,389 [main] devpinoyLogger  - Implicit Wait has been set
INFO    2022-03-29 08:09:03,389 [main] devpinoyLogger  - URL is opened
INFO    2022-03-29 08:09:07,268 [main] devpinoyLogger  - ************************* UserSearchValidation   *************************************** 
INFO    2022-03-29 08:09:10,038 [main] devpinoyLogger  - Admin option is clicked
INFO    2022-03-29 08:09:10,118 [main] devpinoyLogger  - UserName search box is cleared
INFO    2022-03-29 08:09:10,218 [main] devpinoyLogger  - UserName is entered: Admin
INFO    2022-03-29 08:09:10,742 [main] devpinoyLogger  - Search button is clicked
INFO    2022-03-29 08:09:12,927 [main] devpinoyLogger  - chrome is closed
INFO    2022-03-29 08:09:12,933 [main] devpinoyLogger  - Browser is selected : chrome
INFO    2022-03-29 08:09:14,105 [main] devpinoyLogger  - Chrome browser is opened
INFO    2022-03-29 08:09:18,032 [main] devpinoyLogger  - Window is maximized now
INFO    2022-03-29 08:09:18,046 [main] devpinoyLogger  - Implicit Wait has been set
INFO    2022-03-29 08:09:18,046 [main] devpinoyLogger  - URL is opened
INFO    2022-03-29 08:09:21,807 [main] devpinoyLogger  - *************************************AddJobTitleValidation***********************************************
INFO    2022-03-29 08:09:24,552 [main] devpinoyLogger  - Admin option is clicked
INFO    2022-03-29 08:09:24,648 [main] devpinoyLogger  - Job option is clicked
INFO    2022-03-29 08:09:25,480 [main] devpinoyLogger  - Job Title is clicked
INFO    2022-03-29 08:09:26,229 [main] devpinoyLogger  - Add button is clicked
INFO    2022-03-29 08:09:26,320 [main] devpinoyLogger  - New job title is enterd : QA_Lead_181100
INFO    2022-03-29 08:09:26,397 [main] devpinoyLogger  - JobDescription is entered
INFO    2022-03-29 08:09:26,474 [main] devpinoyLogger  - Note is entered
INFO    2022-03-29 08:09:27,427 [main] devpinoyLogger  - Save button is clicked
INFO    2022-03-29 08:09:29,885 [main] devpinoyLogger  - chrome is closed
INFO    2022-03-29 08:09:29,889 [main] devpinoyLogger  - Browser is selected : chrome
INFO    2022-03-29 08:09:31,019 [main] devpinoyLogger  - Chrome browser is opened
INFO    2022-03-29 08:09:34,911 [main] devpinoyLogger  - Window is maximized now
INFO    2022-03-29 08:09:34,925 [main] devpinoyLogger  - Implicit Wait has been set
INFO    2022-03-29 08:09:34,926 [main] devpinoyLogger  - URL is opened
INFO    2022-03-29 08:09:38,617 [main] devpinoyLogger  - ********************** Delete Job Tilte  *************************************
INFO    2022-03-29 08:09:41,313 [main] devpinoyLogger  - Clicked on Admin
INFO    2022-03-29 08:09:41,374 [main] devpinoyLogger  - Clicked on Job
INFO    2022-03-29 08:09:42,116 [main] devpinoyLogger  - Clicked on Job Title
INFO    2022-03-29 08:09:42,172 [main] devpinoyLogger  - Clicked on the check box to be deleted
INFO    2022-03-29 08:09:42,259 [main] devpinoyLogger  - Clicked on Delete button
INFO    2022-03-29 08:09:42,277 [main] devpinoyLogger  - Clicked on OK button on the pop up
INFO    2022-03-29 08:09:46,487 [main] devpinoyLogger  - chrome is closed
INFO    2022-03-29 08:09:46,492 [main] devpinoyLogger  - Browser is selected : chrome
INFO    2022-03-29 08:09:47,640 [main] devpinoyLogger  - Chrome browser is opened
INFO    2022-03-29 08:09:51,369 [main] devpinoyLogger  - Window is maximized now
INFO    2022-03-29 08:09:51,383 [main] devpinoyLogger  - Implicit Wait has been set
INFO    2022-03-29 08:09:51,383 [main] devpinoyLogger  - URL is opened
INFO    2022-03-29 08:09:55,210 [main] devpinoyLogger  - **********************************   LoginLogOutValidation  **************************
INFO    2022-03-29 08:09:55,210 [main] devpinoyLogger  - Expected URL captured before login
INFO    2022-03-29 08:09:55,215 [main] devpinoyLogger  - Actual URL captured after login
INFO    2022-03-29 08:09:56,299 [main] devpinoyLogger  - Clicked on WelCome area
INFO    2022-03-29 08:09:57,374 [main] devpinoyLogger  - Clicked on Logout button
INFO    2022-03-29 08:09:57,374 [main] devpinoyLogger  - Expected URL captured after logout
INFO    2022-03-29 08:09:57,380 [main] devpinoyLogger  - Actual URL captured after logout
INFO    2022-03-29 08:09:58,012 [main] devpinoyLogger  - chrome is closed
INFO    2022-03-29 08:09:58,016 [main] devpinoyLogger  - Browser is selected : chrome
INFO    2022-03-29 08:09:59,134 [main] devpinoyLogger  - Chrome browser is opened
INFO    2022-03-29 08:10:02,793 [main] devpinoyLogger  - Window is maximized now
INFO    2022-03-29 08:10:02,809 [main] devpinoyLogger  - Implicit Wait has been set
INFO    2022-03-29 08:10:02,809 [main] devpinoyLogger  - URL is opened
INFO    2022-03-29 08:10:06,576 [main] devpinoyLogger  - ********************  PayGradeValidation    ****************************
INFO    2022-03-29 08:10:08,154 [main] devpinoyLogger  - Clicked on Admin
INFO    2022-03-29 08:10:08,222 [main] devpinoyLogger  - Clicked on Job
INFO    2022-03-29 08:10:09,009 [main] devpinoyLogger  - Clicked on Pay Grade option
INFO    2022-03-29 08:10:09,810 [main] devpinoyLogger  - Clicked on Add button
INFO    2022-03-29 08:10:09,882 [main] devpinoyLogger  - Entered new Pay Grade value
INFO    2022-03-29 08:10:10,808 [main] devpinoyLogger  - Clicked on Save button
INFO    2022-03-29 08:10:10,869 [main] devpinoyLogger  - Again clicked on Job
INFO    2022-03-29 08:10:11,362 [main] devpinoyLogger  - Again clicked on Pay Grade option
INFO    2022-03-29 08:10:13,057 [main] devpinoyLogger  - chrome is closed
INFO    2022-03-29 15:58:07,045 [main] devpinoyLogger  - Browser is selected : chrome
INFO    2022-03-29 15:58:10,909 [main] devpinoyLogger  - Chrome browser is opened
INFO    2022-03-29 15:58:16,525 [main] devpinoyLogger  - Window is maximized now
INFO    2022-03-29 15:58:16,543 [main] devpinoyLogger  - Implicit Wait has been set
INFO    2022-03-29 15:58:16,543 [main] devpinoyLogger  - URL is opened
INFO    2022-03-29 15:58:21,004 [main] devpinoyLogger  - ************************* UserSearchValidation   *************************************** 
INFO    2022-03-29 15:58:26,734 [main] devpinoyLogger  - chrome is closed
INFO    2022-03-29 15:58:26,743 [main] devpinoyLogger  - Browser is selected : chrome
INFO    2022-03-29 15:58:27,957 [main] devpinoyLogger  - Chrome browser is opened
INFO    2022-03-29 15:58:34,344 [main] devpinoyLogger  - Window is maximized now
INFO    2022-03-29 15:58:34,359 [main] devpinoyLogger  - Implicit Wait has been set
INFO    2022-03-29 15:58:34,360 [main] devpinoyLogger  - URL is opened
INFO    2022-03-29 15:58:38,604 [main] devpinoyLogger  - *************************************AddJobTitleValidation***********************************************
INFO    2022-03-29 15:58:44,354 [main] devpinoyLogger  - chrome is closed
INFO    2022-03-29 15:58:44,356 [main] devpinoyLogger  - Browser is selected : chrome
INFO    2022-03-29 15:58:45,490 [main] devpinoyLogger  - Chrome browser is opened
INFO    2022-03-29 15:58:50,611 [main] devpinoyLogger  - Window is maximized now
INFO    2022-03-29 15:58:50,625 [main] devpinoyLogger  - Implicit Wait has been set
INFO    2022-03-29 15:58:50,625 [main] devpinoyLogger  - URL is opened
INFO    2022-03-29 15:58:55,903 [main] devpinoyLogger  - ********************** Delete Job Tilte  *************************************
INFO    2022-03-29 15:59:01,653 [main] devpinoyLogger  - chrome is closed
INFO    2022-03-29 15:59:01,657 [main] devpinoyLogger  - Browser is selected : chrome
INFO    2022-03-29 15:59:02,775 [main] devpinoyLogger  - Chrome browser is opened
INFO    2022-03-29 15:59:09,258 [main] devpinoyLogger  - Window is maximized now
INFO    2022-03-29 15:59:09,271 [main] devpinoyLogger  - Implicit Wait has been set
INFO    2022-03-29 15:59:09,271 [main] devpinoyLogger  - URL is opened
INFO    2022-03-29 15:59:15,169 [main] devpinoyLogger  - **********************************   LoginLogOutValidation  **************************
INFO    2022-03-29 15:59:15,170 [main] devpinoyLogger  - Expected URL captured before login
INFO    2022-03-29 15:59:15,175 [main] devpinoyLogger  - Actual URL captured after login
INFO    2022-03-29 15:59:15,278 [main] devpinoyLogger  - Clicked on WelCome area
INFO    2022-03-29 15:59:16,747 [main] devpinoyLogger  - Clicked on Logout button
INFO    2022-03-29 15:59:16,748 [main] devpinoyLogger  - Expected URL captured after logout
INFO    2022-03-29 15:59:16,752 [main] devpinoyLogger  - Actual URL captured after logout
INFO    2022-03-29 15:59:17,404 [main] devpinoyLogger  - chrome is closed
INFO    2022-03-29 15:59:17,407 [main] devpinoyLogger  - Browser is selected : chrome
INFO    2022-03-29 15:59:18,552 [main] devpinoyLogger  - Chrome browser is opened
INFO    2022-03-29 15:59:23,683 [main] devpinoyLogger  - Window is maximized now
INFO    2022-03-29 15:59:23,698 [main] devpinoyLogger  - Implicit Wait has been set
INFO    2022-03-29 15:59:23,699 [main] devpinoyLogger  - URL is opened
INFO    2022-03-29 15:59:29,289 [main] devpinoyLogger  - ********************  PayGradeValidation    ****************************
INFO    2022-03-29 15:59:35,062 [main] devpinoyLogger  - chrome is closed
INFO    2022-03-29 20:54:38,807 [main] devpinoyLogger  - Browser is selected : chrome
INFO    2022-03-29 20:54:40,910 [main] devpinoyLogger  - Chrome browser is opened
INFO    2022-03-29 20:54:44,049 [main] devpinoyLogger  - Window is maximized now
INFO    2022-03-29 20:54:44,064 [main] devpinoyLogger  - Implicit Wait has been set
INFO    2022-03-29 20:54:44,064 [main] devpinoyLogger  - URL is opened
INFO    2022-03-29 20:54:48,848 [main] devpinoyLogger  - ************************* UserSearchValidation   *************************************** 
INFO    2022-03-29 20:54:50,717 [main] devpinoyLogger  - Admin option is clicked
INFO    2022-03-29 20:54:50,815 [main] devpinoyLogger  - UserName search box is cleared
INFO    2022-03-29 20:54:50,931 [main] devpinoyLogger  - UserName is entered: Admin
INFO    2022-03-29 20:54:51,536 [main] devpinoyLogger  - Search button is clicked
INFO    2022-03-29 20:54:53,756 [main] devpinoyLogger  - chrome is closed
INFO    2022-03-29 20:54:53,759 [main] devpinoyLogger  - Browser is selected : chrome
INFO    2022-03-29 20:54:55,000 [main] devpinoyLogger  - Chrome browser is opened
INFO    2022-03-29 20:54:58,248 [main] devpinoyLogger  - Window is maximized now
INFO    2022-03-29 20:54:58,262 [main] devpinoyLogger  - Implicit Wait has been set
INFO    2022-03-29 20:54:58,262 [main] devpinoyLogger  - URL is opened
INFO    2022-03-29 20:55:03,138 [main] devpinoyLogger  - *************************************AddJobTitleValidation***********************************************
INFO    2022-03-29 20:55:04,754 [main] devpinoyLogger  - Admin option is clicked
INFO    2022-03-29 20:55:04,848 [main] devpinoyLogger  - Job option is clicked
INFO    2022-03-29 20:55:05,647 [main] devpinoyLogger  - Job Title is clicked
INFO    2022-03-29 20:55:06,369 [main] devpinoyLogger  - Add button is clicked
INFO    2022-03-29 20:55:06,456 [main] devpinoyLogger  - New job title is enterd : QA_Lead_857100
INFO    2022-03-29 20:55:06,578 [main] devpinoyLogger  - JobDescription is entered
INFO    2022-03-29 20:55:06,698 [main] devpinoyLogger  - Note is entered
INFO    2022-03-29 20:55:07,588 [main] devpinoyLogger  - Save button is clicked
INFO    2022-03-29 20:55:10,138 [main] devpinoyLogger  - chrome is closed
INFO    2022-03-29 20:55:10,139 [main] devpinoyLogger  - Browser is selected : chrome
INFO    2022-03-29 20:55:11,260 [main] devpinoyLogger  - Chrome browser is opened
INFO    2022-03-29 20:55:14,598 [main] devpinoyLogger  - Window is maximized now
INFO    2022-03-29 20:55:14,612 [main] devpinoyLogger  - Implicit Wait has been set
INFO    2022-03-29 20:55:14,612 [main] devpinoyLogger  - URL is opened
INFO    2022-03-29 20:55:19,211 [main] devpinoyLogger  - ********************** Delete Job Tilte  *************************************
INFO    2022-03-29 20:55:20,847 [main] devpinoyLogger  - Clicked on Admin
INFO    2022-03-29 20:55:20,908 [main] devpinoyLogger  - Clicked on Job
INFO    2022-03-29 20:55:21,690 [main] devpinoyLogger  - Clicked on Job Title
INFO    2022-03-29 20:55:21,798 [main] devpinoyLogger  - Clicked on the check box to be deleted
INFO    2022-03-29 20:55:21,875 [main] devpinoyLogger  - Clicked on Delete button
INFO    2022-03-29 20:55:21,891 [main] devpinoyLogger  - Clicked on OK button on the pop up
INFO    2022-03-29 20:55:26,055 [main] devpinoyLogger  - chrome is closed
INFO    2022-03-29 20:55:26,059 [main] devpinoyLogger  - Browser is selected : chrome
INFO    2022-03-29 20:55:27,205 [main] devpinoyLogger  - Chrome browser is opened
INFO    2022-03-29 20:55:30,654 [main] devpinoyLogger  - Window is maximized now
INFO    2022-03-29 20:55:30,668 [main] devpinoyLogger  - Implicit Wait has been set
INFO    2022-03-29 20:55:30,668 [main] devpinoyLogger  - URL is opened
INFO    2022-03-29 20:55:35,329 [main] devpinoyLogger  - **********************************   LoginLogOutValidation  **************************
INFO    2022-03-29 20:55:35,329 [main] devpinoyLogger  - Expected URL captured before login
INFO    2022-03-29 20:55:35,334 [main] devpinoyLogger  - Actual URL captured after login
INFO    2022-03-29 20:55:35,396 [main] devpinoyLogger  - Clicked on WelCome area
INFO    2022-03-29 20:55:36,204 [main] devpinoyLogger  - Clicked on Logout button
INFO    2022-03-29 20:55:36,204 [main] devpinoyLogger  - Expected URL captured after logout
INFO    2022-03-29 20:55:36,208 [main] devpinoyLogger  - Actual URL captured after logout
INFO    2022-03-29 20:55:36,839 [main] devpinoyLogger  - chrome is closed
INFO    2022-03-29 20:55:36,843 [main] devpinoyLogger  - Browser is selected : chrome
INFO    2022-03-29 20:55:37,999 [main] devpinoyLogger  - Chrome browser is opened
INFO    2022-03-29 20:55:41,340 [main] devpinoyLogger  - Window is maximized now
INFO    2022-03-29 20:55:41,354 [main] devpinoyLogger  - Implicit Wait has been set
INFO    2022-03-29 20:55:41,354 [main] devpinoyLogger  - URL is opened
INFO    2022-03-29 20:55:46,270 [main] devpinoyLogger  - ********************  PayGradeValidation    ****************************
INFO    2022-03-29 20:55:47,932 [main] devpinoyLogger  - Clicked on Admin
INFO    2022-03-29 20:55:48,018 [main] devpinoyLogger  - Clicked on Job
INFO    2022-03-29 20:55:48,812 [main] devpinoyLogger  - Clicked on Pay Grade option
INFO    2022-03-29 20:55:49,633 [main] devpinoyLogger  - Clicked on Add button
INFO    2022-03-29 20:55:49,743 [main] devpinoyLogger  - Entered new Pay Grade value
INFO    2022-03-29 20:55:50,642 [main] devpinoyLogger  - Clicked on Save button
INFO    2022-03-29 20:55:50,700 [main] devpinoyLogger  - Again clicked on Job
INFO    2022-03-29 20:55:51,275 [main] devpinoyLogger  - Again clicked on Pay Grade option
INFO    2022-03-29 20:55:53,501 [main] devpinoyLogger  - chrome is closed
INFO    2022-03-30 10:11:33,005 [main] devpinoyLogger  - Browser is selected : chrome
INFO    2022-03-30 10:11:34,822 [main] devpinoyLogger  - Chrome browser is opened
INFO    2022-03-30 10:11:38,696 [main] devpinoyLogger  - Window is maximized now
INFO    2022-03-30 10:11:38,710 [main] devpinoyLogger  - Implicit Wait has been set
INFO    2022-03-30 10:11:38,710 [main] devpinoyLogger  - URL is opened
INFO    2022-03-30 10:11:43,260 [main] devpinoyLogger  - ************************* UserSearchValidation   *************************************** 
INFO    2022-03-30 10:11:45,182 [main] devpinoyLogger  - Admin option is clicked
INFO    2022-03-30 10:11:45,252 [main] devpinoyLogger  - UserName search box is cleared
INFO    2022-03-30 10:11:45,355 [main] devpinoyLogger  - UserName is entered: Admin
INFO    2022-03-30 10:11:45,929 [main] devpinoyLogger  - Search button is clicked
INFO    2022-03-30 10:11:48,144 [main] devpinoyLogger  - chrome is closed
INFO    2022-03-30 10:11:48,150 [main] devpinoyLogger  - Browser is selected : chrome
INFO    2022-03-30 10:11:49,299 [main] devpinoyLogger  - Chrome browser is opened
INFO    2022-03-30 10:11:52,756 [main] devpinoyLogger  - Window is maximized now
INFO    2022-03-30 10:11:52,770 [main] devpinoyLogger  - Implicit Wait has been set
INFO    2022-03-30 10:11:52,770 [main] devpinoyLogger  - URL is opened
INFO    2022-03-30 10:11:57,107 [main] devpinoyLogger  - *************************************AddJobTitleValidation***********************************************
INFO    2022-03-30 10:11:58,996 [main] devpinoyLogger  - Admin option is clicked
INFO    2022-03-30 10:11:59,066 [main] devpinoyLogger  - Job option is clicked
INFO    2022-03-30 10:11:59,890 [main] devpinoyLogger  - Job Title is clicked
INFO    2022-03-30 10:12:00,673 [main] devpinoyLogger  - Add button is clicked
INFO    2022-03-30 10:12:00,762 [main] devpinoyLogger  - New job title is enterd : QA_Lead_800100
INFO    2022-03-30 10:12:00,839 [main] devpinoyLogger  - JobDescription is entered
INFO    2022-03-30 10:12:00,912 [main] devpinoyLogger  - Note is entered
INFO    2022-03-30 10:12:01,787 [main] devpinoyLogger  - Save button is clicked
INFO    2022-03-30 10:12:04,018 [main] devpinoyLogger  - chrome is closed
INFO    2022-03-30 10:12:04,022 [main] devpinoyLogger  - Browser is selected : chrome
INFO    2022-03-30 10:12:05,188 [main] devpinoyLogger  - Chrome browser is opened
INFO    2022-03-30 10:12:09,710 [main] devpinoyLogger  - Window is maximized now
INFO    2022-03-30 10:12:09,724 [main] devpinoyLogger  - Implicit Wait has been set
INFO    2022-03-30 10:12:09,724 [main] devpinoyLogger  - URL is opened
INFO    2022-03-30 10:12:13,498 [main] devpinoyLogger  - **********************************   LoginLogOutValidation  **************************
INFO    2022-03-30 10:12:13,498 [main] devpinoyLogger  - Expected URL captured before login
INFO    2022-03-30 10:12:13,508 [main] devpinoyLogger  - Actual URL captured after login
INFO    2022-03-30 10:12:13,573 [main] devpinoyLogger  - Clicked on WelCome area
INFO    2022-03-30 10:12:15,621 [main] devpinoyLogger  - Clicked on Logout button
INFO    2022-03-30 10:12:15,621 [main] devpinoyLogger  - Expected URL captured after logout
INFO    2022-03-30 10:12:15,627 [main] devpinoyLogger  - Actual URL captured after logout
INFO    2022-03-30 10:12:16,302 [main] devpinoyLogger  - chrome is closed
INFO    2022-03-30 10:12:16,308 [main] devpinoyLogger  - Browser is selected : chrome
INFO    2022-03-30 10:12:17,428 [main] devpinoyLogger  - Chrome browser is opened
INFO    2022-03-30 10:12:21,134 [main] devpinoyLogger  - Window is maximized now
INFO    2022-03-30 10:12:21,148 [main] devpinoyLogger  - Implicit Wait has been set
INFO    2022-03-30 10:12:21,148 [main] devpinoyLogger  - URL is opened
INFO    2022-03-30 10:12:25,173 [main] devpinoyLogger  - ********************  PayGradeValidation    ****************************
INFO    2022-03-30 10:12:28,303 [main] devpinoyLogger  - Clicked on Admin
INFO    2022-03-30 10:12:28,353 [main] devpinoyLogger  - Clicked on Job
INFO    2022-03-30 10:12:29,103 [main] devpinoyLogger  - Clicked on Pay Grade option
INFO    2022-03-30 10:12:29,853 [main] devpinoyLogger  - Clicked on Add button
INFO    2022-03-30 10:12:29,923 [main] devpinoyLogger  - Entered new Pay Grade value
INFO    2022-03-30 10:12:30,893 [main] devpinoyLogger  - Clicked on Save button
INFO    2022-03-30 10:12:30,949 [main] devpinoyLogger  - Again clicked on Job
INFO    2022-03-30 10:12:31,540 [main] devpinoyLogger  - Again clicked on Pay Grade option
INFO    2022-03-30 10:12:33,826 [main] devpinoyLogger  - chrome is closed
INFO    2022-04-26 17:23:17,544 [main] devpinoyLogger  - Browser is selected : chrome
INFO    2022-04-26 17:23:28,218 [main] devpinoyLogger  - Chrome browser is opened
INFO    2022-04-26 17:23:31,976 [main] devpinoyLogger  - Window is maximized now
INFO    2022-04-26 17:23:31,990 [main] devpinoyLogger  - Implicit Wait has been set
INFO    2022-04-26 17:23:31,990 [main] devpinoyLogger  - URL is opened
INFO    2022-04-26 17:23:36,448 [main] devpinoyLogger  - *************************************AddJobTitleValidation***********************************************
INFO    2022-04-26 17:23:38,125 [main] devpinoyLogger  - Admin option is clicked
INFO    2022-04-26 17:23:38,188 [main] devpinoyLogger  - Job option is clicked
INFO    2022-04-26 17:23:38,956 [main] devpinoyLogger  - Job Title is clicked
INFO    2022-04-26 17:23:40,400 [main] devpinoyLogger  - Add button is clicked
INFO    2022-04-26 17:23:40,484 [main] devpinoyLogger  - New job title is enterd : QA_Lead_518100
INFO    2022-04-26 17:23:40,561 [main] devpinoyLogger  - JobDescription is entered
INFO    2022-04-26 17:23:40,619 [main] devpinoyLogger  - Note is entered
INFO    2022-04-26 17:23:41,513 [main] devpinoyLogger  - Save button is clicked
INFO    2022-04-26 17:23:43,798 [main] devpinoyLogger  - chrome is closed
INFO    2022-04-26 17:25:06,897 [main] devpinoyLogger  - Browser is selected : chrome
INFO    2022-04-26 17:25:08,768 [main] devpinoyLogger  - Chrome browser is opened
INFO    2022-04-26 17:25:12,192 [main] devpinoyLogger  - Window is maximized now
INFO    2022-04-26 17:25:12,205 [main] devpinoyLogger  - Implicit Wait has been set
INFO    2022-04-26 17:25:12,206 [main] devpinoyLogger  - URL is opened
INFO    2022-04-26 17:25:16,289 [main] devpinoyLogger  - ********************** Delete Job Tilte  *************************************
INFO    2022-04-26 17:25:17,859 [main] devpinoyLogger  - Clicked on Admin
INFO    2022-04-26 17:25:17,910 [main] devpinoyLogger  - Clicked on Job
INFO    2022-04-26 17:25:18,702 [main] devpinoyLogger  - Clicked on Job Title
INFO    2022-04-26 17:25:18,759 [main] devpinoyLogger  - Clicked on the check box to be deleted
INFO    2022-04-26 17:25:18,808 [main] devpinoyLogger  - Clicked on Delete button
INFO    2022-04-26 17:25:18,818 [main] devpinoyLogger  - Clicked on OK button on the pop up
INFO    2022-04-26 17:25:22,742 [main] devpinoyLogger  - chrome is closed
